<?xml version="1.0" encoding="UTF-8"?>
<!-- Generated by org.testng.reporters.JUnitReportReporter -->
<testsuite skipped="0" hostname="DESKTOP-23IJHJB" name="testNG.Test01" tests="1" failures="0" timestamp="2022-10-12T16:43:58 IST" time="0.007" errors="0">
  <testcase name="demo" time="0.007" classname="testNG.Test01"/>
  <system-out>
    <![CDATA[hi
hello]]>
  </system-out>
</testsuite> <!-- testNG.Test01 -->
