<?xml version="1.0" encoding="UTF-8"?>
<!-- Generated by org.testng.reporters.JUnitReportReporter -->
<testsuite skipped="0" hostname="DESKTOP-23IJHJB" name="testNG.Test02" tests="12" failures="0" timestamp="2022-10-12T17:14:45 IST" time="0.024" errors="0">
  <testcase name="demo1" time="0.001" classname="testNG.Test02"/>
  <system-out>
    <![CDATA[Awadhesh
Pratibha]]>
  </system-out>
  <testcase name="demo2" time="0.003" classname="testNG.Test02"/>
  <system-out>
    <![CDATA[String1
String2]]>
  </system-out>
  <testcase name="demo2" time="0.001" classname="testNG.Test02"/>
  <system-out>
    <![CDATA[String1
String2]]>
  </system-out>
  <testcase name="demo1" time="0.001" classname="testNG.Test02"/>
  <system-out>
    <![CDATA[Awadhesh
Pratibha]]>
  </system-out>
  <testcase name="demo2" time="0.001" classname="testNG.Test02"/>
  <system-out>
    <![CDATA[String1
String2]]>
  </system-out>
  <testcase name="demo1" time="0.002" classname="testNG.Test02"/>
  <system-out>
    <![CDATA[Awadhesh
Pratibha]]>
  </system-out>
  <testcase name="demo" time="0.007" classname="testNG.Test02"/>
  <system-out>
    <![CDATA[s
s1]]>
  </system-out>
  <testcase name="demo2" time="0.002" classname="testNG.Test02"/>
  <system-out>
    <![CDATA[String1
String2]]>
  </system-out>
  <testcase name="demo2" time="0.001" classname="testNG.Test02"/>
  <system-out>
    <![CDATA[String1
String2]]>
  </system-out>
  <testcase name="demo1" time="0.002" classname="testNG.Test02"/>
  <system-out>
    <![CDATA[Awadhesh
Pratibha]]>
  </system-out>
  <testcase name="demo" time="0.002" classname="testNG.Test02"/>
  <system-out>
    <![CDATA[s
s1]]>
  </system-out>
  <testcase name="demo2" time="0.001" classname="testNG.Test02"/>
  <system-out>
    <![CDATA[String1
String2]]>
  </system-out>
</testsuite> <!-- testNG.Test02 -->
